
Showing logs for build [32mcb-kubecd-environment-pr-184-61-sg2r2-1[0m stage [32mfrom-build-pack[0m and container [32mstep-credential-initializer-g7sbz[0m
{"level":"warn","ts":1584572595.9914596,"logger":"fallback-logger","caller":"logging/config.go:69","msg":"Fetch GitHub commit ID from kodata failed: \"ref: refs/heads/0.8.0-**-support-backwards-incompats\" is not a valid GitHub commit ID"}
{"level":"info","ts":1584572595.9921567,"logger":"fallback-logger","caller":"creds-init/main.go:40","msg":"Credentials initialized."}

Showing logs for build [32mcb-kubecd-environment-pr-184-61-sg2r2-1[0m stage [32mfrom-build-pack[0m and container [32mstep-working-dir-initializer-6m7c2[0m
{"level":"warn","ts":1584572596.4665656,"logger":"fallback-logger","caller":"logging/config.go:69","msg":"Fetch GitHub commit ID from kodata failed: open /var/run/ko/HEAD: no such file or directory"}
{"level":"info","ts":1584572596.478378,"logger":"fallback-logger","caller":"bash/main.go:64","msg":"Successfully executed command \"sh -c mkdir -p /workspace/source\"; output "}

Showing logs for build [32mcb-kubecd-environment-pr-184-61-sg2r2-1[0m stage [32mfrom-build-pack[0m and container [32mstep-place-tools[0m

Showing logs for build [32mcb-kubecd-environment-pr-184-61-sg2r2-1[0m stage [32mfrom-build-pack[0m and container [32mstep-git-source-cb-kubecd-environment-pr-184-61-sg2r2-2pdft[0m
{"level":"warn","ts":1584572601.6574597,"logger":"fallback-logger","caller":"logging/config.go:69","msg":"Fetch GitHub commit ID from kodata failed: \"ref: refs/heads/0.8.0-**-support-backwards-incompats\" is not a valid GitHub commit ID"}
{"level":"info","ts":1584572602.692575,"logger":"fallback-logger","caller":"git/git.go:103","msg":"Successfully cloned https://github.com/cb-kubecd/environment-pr-184-61-gke-upgrade-production.git @ master in path /workspace/source"}

Showing logs for build [32mcb-kubecd-environment-pr-184-61-sg2r2-1[0m stage [32mfrom-build-pack[0m and container [32mstep-git-merge[0m
Using SHAs from PULL_REFS=master:10f3f02a2050e4b3dd44c021efa9f3f3870912bf,1:e94d06059fe830d18158e668f7a3fd38f678d3a9
DEBUG: LC_ALL=C JX_LOG_LEVEL=error git fetch origin --unshallow e94d06059fe830d18158e668f7a3fd38f678d3a9: 10f3f02a2050e4b3dd44c021efa9f3f3870912bf:
DEBUG: ran git fetch --unshallow origin e94d06059fe830d18158e668f7a3fd38f678d3a9: 10f3f02a2050e4b3dd44c021efa9f3f3870912bf: in 
DEBUG: LC_ALL=C JX_LOG_LEVEL=error git branch
DEBUG: LC_ALL=C JX_LOG_LEVEL=error git checkout master
DEBUG: ran git checkout master in 
DEBUG: LC_ALL=C JX_LOG_LEVEL=error git reset --hard 10f3f02a2050e4b3dd44c021efa9f3f3870912bf
DEBUG: ran git reset --hard 10f3f02a2050e4b3dd44c021efa9f3f3870912bf in 
DEBUG: JX_LOG_LEVEL=error LC_ALL=C git clean -fd .
DEBUG: ran clean --force -d . in 
DEBUG: LC_ALL=C JX_LOG_LEVEL=error git merge e94d06059fe830d18158e668f7a3fd38f678d3a9
DEBUG: ran git merge e94d06059fe830d18158e668f7a3fd38f678d3a9 in 
DEBUG: LC_ALL=C JX_LOG_LEVEL=error git log --format=%H%x1f%an%x1f%ae%x1f%cn%x1f%ce%x1f%s%n%b%x1e 10f3f02a2050e4b3dd44c021efa9f3f3870912bf..HEAD
Merged SHA e94d06059fe830d18158e668f7a3fd38f678d3a9 with commit message 'chore: Promote bdd-spring-1584571459 to version 0.0.1' into base branch master

Showing logs for build [32mcb-kubecd-environment-pr-184-61-sg2r2-1[0m stage [32mfrom-build-pack[0m and container [32mstep-build-helm-build[0m
WARNING: No $CHART_REPOSITORY defined so using the default value of: http://jenkins-x-chartmuseum:8080
Adding missing Helm repo: storage.googleapis.com https://storage.googleapis.com/chartmuseum.jenkins-x.io
WARNING: No secrets found on "helm/repos" due: reading the secret "helm/repos" from vault: no secret "helm/repos" not found in vault
Read credentials for https://storage.googleapis.com/chartmuseum.jenkins-x.io from vault helm/repos
Successfully added Helm repository storage.googleapis.com.
Adding missing Helm repo: jenkins-x-chartmuseum http://jenkins-x-chartmuseum:8080
WARNING: No secrets found on "helm/repos" due: reading the secret "helm/repos" from vault: no secret "helm/repos" not found in vault
Read credentials for http://jenkins-x-chartmuseum:8080 from vault helm/repos
Successfully added Helm repository jenkins-x-chartmuseum.
WARNING: No $CHART_REPOSITORY defined so using the default value of: http://jenkins-x-chartmuseum:8080
Adding missing Helm repo: chartmuseum.jenkins-x.io http://chartmuseum.jenkins-x.io
WARNING: No secrets found on "helm/repos" due: reading the secret "helm/repos" from vault: no secret "helm/repos" not found in vault
Read credentials for http://chartmuseum.jenkins-x.io from vault helm/repos
Successfully added Helm repository chartmuseum.jenkins-x.io.
